running egg_info
creating build/dqn_discrete_ros2/dqn_discrete_ros2.egg-info
writing build/dqn_discrete_ros2/dqn_discrete_ros2.egg-info/PKG-INFO
writing dependency_links to build/dqn_discrete_ros2/dqn_discrete_ros2.egg-info/dependency_links.txt
writing entry points to build/dqn_discrete_ros2/dqn_discrete_ros2.egg-info/entry_points.txt
writing requirements to build/dqn_discrete_ros2/dqn_discrete_ros2.egg-info/requires.txt
writing top-level names to build/dqn_discrete_ros2/dqn_discrete_ros2.egg-info/top_level.txt
writing manifest file 'build/dqn_discrete_ros2/dqn_discrete_ros2.egg-info/SOURCES.txt'
reading manifest file 'build/dqn_discrete_ros2/dqn_discrete_ros2.egg-info/SOURCES.txt'
writing manifest file 'build/dqn_discrete_ros2/dqn_discrete_ros2.egg-info/SOURCES.txt'
running build
running install
running install_data
creating /home/csrobot/pytorch_ws/src/dqn_discrete_ros2/install/dqn_discrete_ros2/share/ament_index
creating /home/csrobot/pytorch_ws/src/dqn_discrete_ros2/install/dqn_discrete_ros2/share/ament_index/resource_index
creating /home/csrobot/pytorch_ws/src/dqn_discrete_ros2/install/dqn_discrete_ros2/share/ament_index/resource_index/packages
copying resource/dqn_discrete_ros2 -> /home/csrobot/pytorch_ws/src/dqn_discrete_ros2/install/dqn_discrete_ros2/share/ament_index/resource_index/packages
copying package.xml -> /home/csrobot/pytorch_ws/src/dqn_discrete_ros2/install/dqn_discrete_ros2/share/dqn_discrete_ros2
running install_egg_info
Copying build/dqn_discrete_ros2/dqn_discrete_ros2.egg-info to /home/csrobot/pytorch_ws/src/dqn_discrete_ros2/install/dqn_discrete_ros2/lib/python3.10/site-packages/dqn_discrete_ros2-0.0.0-py3.10.egg-info
running install_scripts
Installing environment_publisher script to /home/csrobot/pytorch_ws/src/dqn_discrete_ros2/install/dqn_discrete_ros2/lib/dqn_discrete_ros2
writing list of installed files to '/home/csrobot/pytorch_ws/src/dqn_discrete_ros2/build/dqn_discrete_ros2/install.log'
