[0.292s] Invoking command in '/home/csrobot/pytorch_ws/src/dqn_discrete_ros2': PYTHONPATH=/home/csrobot/pytorch_ws/src/dqn_discrete_ros2/build/dqn_discrete_ros2/prefix_override:/usr/lib/python3/dist-packages/colcon_core/task/python/colcon_distutils_commands:/home/csrobot/pytorch_ws/src/dqn_discrete_ros2/install/dqn_discrete_ros2/lib/python3.10/site-packages:${PYTHONPATH} /usr/bin/python3 -W ignore:setup.py install is deprecated setup.py egg_info --egg-base build/dqn_discrete_ros2 build --build-base /home/csrobot/pytorch_ws/src/dqn_discrete_ros2/build/dqn_discrete_ros2/build install --record /home/csrobot/pytorch_ws/src/dqn_discrete_ros2/build/dqn_discrete_ros2/install.log --single-version-externally-managed install_data
[0.407s] running egg_info
[0.407s] creating build/dqn_discrete_ros2/dqn_discrete_ros2.egg-info
[0.407s] writing build/dqn_discrete_ros2/dqn_discrete_ros2.egg-info/PKG-INFO
[0.407s] writing dependency_links to build/dqn_discrete_ros2/dqn_discrete_ros2.egg-info/dependency_links.txt
[0.407s] writing entry points to build/dqn_discrete_ros2/dqn_discrete_ros2.egg-info/entry_points.txt
[0.407s] writing requirements to build/dqn_discrete_ros2/dqn_discrete_ros2.egg-info/requires.txt
[0.407s] writing top-level names to build/dqn_discrete_ros2/dqn_discrete_ros2.egg-info/top_level.txt
[0.407s] writing manifest file 'build/dqn_discrete_ros2/dqn_discrete_ros2.egg-info/SOURCES.txt'
[0.407s] reading manifest file 'build/dqn_discrete_ros2/dqn_discrete_ros2.egg-info/SOURCES.txt'
[0.408s] writing manifest file 'build/dqn_discrete_ros2/dqn_discrete_ros2.egg-info/SOURCES.txt'
[0.408s] running build
[0.408s] running install
[0.408s] running install_data
[0.408s] creating /home/csrobot/pytorch_ws/src/dqn_discrete_ros2/install/dqn_discrete_ros2/share/ament_index
[0.408s] creating /home/csrobot/pytorch_ws/src/dqn_discrete_ros2/install/dqn_discrete_ros2/share/ament_index/resource_index
[0.408s] creating /home/csrobot/pytorch_ws/src/dqn_discrete_ros2/install/dqn_discrete_ros2/share/ament_index/resource_index/packages
[0.408s] copying resource/dqn_discrete_ros2 -> /home/csrobot/pytorch_ws/src/dqn_discrete_ros2/install/dqn_discrete_ros2/share/ament_index/resource_index/packages
[0.408s] copying package.xml -> /home/csrobot/pytorch_ws/src/dqn_discrete_ros2/install/dqn_discrete_ros2/share/dqn_discrete_ros2
[0.408s] running install_egg_info
[0.410s] Copying build/dqn_discrete_ros2/dqn_discrete_ros2.egg-info to /home/csrobot/pytorch_ws/src/dqn_discrete_ros2/install/dqn_discrete_ros2/lib/python3.10/site-packages/dqn_discrete_ros2-0.0.0-py3.10.egg-info
[0.410s] running install_scripts
[0.422s] Installing environment_publisher script to /home/csrobot/pytorch_ws/src/dqn_discrete_ros2/install/dqn_discrete_ros2/lib/dqn_discrete_ros2
[0.422s] writing list of installed files to '/home/csrobot/pytorch_ws/src/dqn_discrete_ros2/build/dqn_discrete_ros2/install.log'
[0.434s] Invoked command in '/home/csrobot/pytorch_ws/src/dqn_discrete_ros2' returned '0': PYTHONPATH=/home/csrobot/pytorch_ws/src/dqn_discrete_ros2/build/dqn_discrete_ros2/prefix_override:/usr/lib/python3/dist-packages/colcon_core/task/python/colcon_distutils_commands:/home/csrobot/pytorch_ws/src/dqn_discrete_ros2/install/dqn_discrete_ros2/lib/python3.10/site-packages:${PYTHONPATH} /usr/bin/python3 -W ignore:setup.py install is deprecated setup.py egg_info --egg-base build/dqn_discrete_ros2 build --build-base /home/csrobot/pytorch_ws/src/dqn_discrete_ros2/build/dqn_discrete_ros2/build install --record /home/csrobot/pytorch_ws/src/dqn_discrete_ros2/build/dqn_discrete_ros2/install.log --single-version-externally-managed install_data
